

================================================================
== Vivado HLS Report for 'Sobel'
================================================================
* Date:           Thu Mar 21 11:21:01 2019

* Version:        2018.3 (Build 2405991 on Thu Dec 06 23:56:15 MST 2018)
* Project:        test1
* Solution:       solution1
* Product family: aartix7
* Target device:  xa7a12tcsg325-1q


================================================================
== Performance Estimates
================================================================
+ Timing (ns): 
    * Summary: 
    +--------+-------+----------+------------+
    |  Clock | Target| Estimated| Uncertainty|
    +--------+-------+----------+------------+
    |ap_clk  |  10.00|     8.144|        1.25|
    +--------+-------+----------+------------+

+ Latency (clock cycles): 
    * Summary: 
    +-----+---------+-----+---------+---------+
    |    Latency    |    Interval   | Pipeline|
    | min |   max   | min |   max   |   Type  |
    +-----+---------+-----+---------+---------+
    |  158|  2089112|  158|  2089112|   none  |
    +-----+---------+-----+---------+---------+

    + Detail: 
        * Instance: 
        +--------------------+----------+-----+---------+-----+---------+---------+
        |                    |          |    Latency    |    Interval   | Pipeline|
        |      Instance      |  Module  | min |   max   | min |   max   |   Type  |
        +--------------------+----------+-----+---------+-----+---------+---------+
        |grp_Filter2D_fu_46  |Filter2D  |  157|  2089111|  157|  2089111|   none  |
        +--------------------+----------+-----+---------+-----+---------+---------+

        * Loop: 
        N/A



================================================================
== Utilization Estimates
================================================================
* Summary: 
+-----------------+---------+-------+-------+------+
|       Name      | BRAM_18K| DSP48E|   FF  |  LUT |
+-----------------+---------+-------+-------+------+
|DSP              |        -|      -|      -|     -|
|Expression       |        -|      -|      0|     8|
|FIFO             |        -|      -|      -|     -|
|Instance         |        9|      -|   1070|  3099|
|Memory           |        -|      -|      -|     -|
|Multiplexer      |        -|      -|      -|    96|
|Register         |        -|      -|     68|     -|
+-----------------+---------+-------+-------+------+
|Total            |        9|      0|   1138|  3203|
+-----------------+---------+-------+-------+------+
|Available        |       40|     40|  16000|  8000|
+-----------------+---------+-------+-------+------+
|Utilization (%)  |       22|      0|      7|    40|
+-----------------+---------+-------+-------+------+

+ Detail: 
    * Instance: 
    +--------------------+----------+---------+-------+------+------+
    |      Instance      |  Module  | BRAM_18K| DSP48E|  FF  |  LUT |
    +--------------------+----------+---------+-------+------+------+
    |grp_Filter2D_fu_46  |Filter2D  |        9|      0|  1070|  3099|
    +--------------------+----------+---------+-------+------+------+
    |Total               |          |        9|      0|  1070|  3099|
    +--------------------+----------+---------+-------+------+------+

    * DSP48: 
    N/A

    * Memory: 
    N/A

    * FIFO: 
    N/A

    * Expression: 
    +-----------------+----------+-------+---+----+------------+------------+
    |  Variable Name  | Operation| DSP48E| FF| LUT| Bitwidth P0| Bitwidth P1|
    +-----------------+----------+-------+---+----+------------+------------+
    |ap_block_state1  |    or    |      0|  0|   8|           1|           1|
    +-----------------+----------+-------+---+----+------------+------------+
    |Total            |          |      0|  0|   8|           1|           1|
    +-----------------+----------+-------+---+----+------------+------------+

    * Multiplexer: 
    +-----------------------------+----+-----------+-----+-----------+
    |             Name            | LUT| Input Size| Bits| Total Bits|
    +-----------------------------+----+-----------+-----+-----------+
    |ap_NS_fsm                    |  15|          3|    1|          3|
    |ap_done                      |   9|          2|    1|          2|
    |p_dst_data_stream_0_V_write  |   9|          2|    1|          2|
    |p_dst_data_stream_1_V_write  |   9|          2|    1|          2|
    |p_dst_data_stream_2_V_write  |   9|          2|    1|          2|
    |p_src_cols_V_blk_n           |   9|          2|    1|          2|
    |p_src_data_stream_0_V_read   |   9|          2|    1|          2|
    |p_src_data_stream_1_V_read   |   9|          2|    1|          2|
    |p_src_data_stream_2_V_read   |   9|          2|    1|          2|
    |p_src_rows_V_blk_n           |   9|          2|    1|          2|
    +-----------------------------+----+-----------+-----+-----------+
    |Total                        |  96|         21|   10|         21|
    +-----------------------------+----+-----------+-----+-----------+

    * Register: 
    +---------------------------------+----+----+-----+-----------+
    |               Name              | FF | LUT| Bits| Const Bits|
    +---------------------------------+----+----+-----+-----------+
    |ap_CS_fsm                        |   2|   0|    2|          0|
    |ap_done_reg                      |   1|   0|    1|          0|
    |grp_Filter2D_fu_46_ap_start_reg  |   1|   0|    1|          0|
    |p_src_cols_V_read_reg_71         |  32|   0|   32|          0|
    |p_src_rows_V_read_reg_66         |  32|   0|   32|          0|
    +---------------------------------+----+----+-----+-----------+
    |Total                            |  68|   0|   68|          0|
    +---------------------------------+----+----+-----+-----------+



================================================================
== Interface
================================================================
* Summary: 
+-------------------------------+-----+-----+------------+-----------------------+--------------+
|           RTL Ports           | Dir | Bits|  Protocol  |     Source Object     |    C Type    |
+-------------------------------+-----+-----+------------+-----------------------+--------------+
|ap_clk                         |  in |    1| ap_ctrl_hs |         Sobel         | return value |
|ap_rst                         |  in |    1| ap_ctrl_hs |         Sobel         | return value |
|ap_start                       |  in |    1| ap_ctrl_hs |         Sobel         | return value |
|ap_done                        | out |    1| ap_ctrl_hs |         Sobel         | return value |
|ap_continue                    |  in |    1| ap_ctrl_hs |         Sobel         | return value |
|ap_idle                        | out |    1| ap_ctrl_hs |         Sobel         | return value |
|ap_ready                       | out |    1| ap_ctrl_hs |         Sobel         | return value |
|p_src_rows_V_dout              |  in |   32|   ap_fifo  |      p_src_rows_V     |    pointer   |
|p_src_rows_V_empty_n           |  in |    1|   ap_fifo  |      p_src_rows_V     |    pointer   |
|p_src_rows_V_read              | out |    1|   ap_fifo  |      p_src_rows_V     |    pointer   |
|p_src_cols_V_dout              |  in |   32|   ap_fifo  |      p_src_cols_V     |    pointer   |
|p_src_cols_V_empty_n           |  in |    1|   ap_fifo  |      p_src_cols_V     |    pointer   |
|p_src_cols_V_read              | out |    1|   ap_fifo  |      p_src_cols_V     |    pointer   |
|p_src_data_stream_0_V_dout     |  in |    8|   ap_fifo  | p_src_data_stream_0_V |    pointer   |
|p_src_data_stream_0_V_empty_n  |  in |    1|   ap_fifo  | p_src_data_stream_0_V |    pointer   |
|p_src_data_stream_0_V_read     | out |    1|   ap_fifo  | p_src_data_stream_0_V |    pointer   |
|p_src_data_stream_1_V_dout     |  in |    8|   ap_fifo  | p_src_data_stream_1_V |    pointer   |
|p_src_data_stream_1_V_empty_n  |  in |    1|   ap_fifo  | p_src_data_stream_1_V |    pointer   |
|p_src_data_stream_1_V_read     | out |    1|   ap_fifo  | p_src_data_stream_1_V |    pointer   |
|p_src_data_stream_2_V_dout     |  in |    8|   ap_fifo  | p_src_data_stream_2_V |    pointer   |
|p_src_data_stream_2_V_empty_n  |  in |    1|   ap_fifo  | p_src_data_stream_2_V |    pointer   |
|p_src_data_stream_2_V_read     | out |    1|   ap_fifo  | p_src_data_stream_2_V |    pointer   |
|p_dst_data_stream_0_V_din      | out |    8|   ap_fifo  | p_dst_data_stream_0_V |    pointer   |
|p_dst_data_stream_0_V_full_n   |  in |    1|   ap_fifo  | p_dst_data_stream_0_V |    pointer   |
|p_dst_data_stream_0_V_write    | out |    1|   ap_fifo  | p_dst_data_stream_0_V |    pointer   |
|p_dst_data_stream_1_V_din      | out |    8|   ap_fifo  | p_dst_data_stream_1_V |    pointer   |
|p_dst_data_stream_1_V_full_n   |  in |    1|   ap_fifo  | p_dst_data_stream_1_V |    pointer   |
|p_dst_data_stream_1_V_write    | out |    1|   ap_fifo  | p_dst_data_stream_1_V |    pointer   |
|p_dst_data_stream_2_V_din      | out |    8|   ap_fifo  | p_dst_data_stream_2_V |    pointer   |
|p_dst_data_stream_2_V_full_n   |  in |    1|   ap_fifo  | p_dst_data_stream_2_V |    pointer   |
|p_dst_data_stream_2_V_write    | out |    1|   ap_fifo  | p_dst_data_stream_2_V |    pointer   |
+-------------------------------+-----+-----+------------+-----------------------+--------------+

